[2010-01-06 00:04:15.796,Pyro,INFO] Pyro log configured using built-in defaults, level=DEBUG
[2010-01-06 00:04:15.828,Pyro.naming,DEBUG] resolving PYRONAME:test.hugetransfer
[2010-01-06 00:04:15.828,Pyro.naming,DEBUG] broadcast locate
[2010-01-06 00:04:15.842,Pyro.naming,DEBUG] located NS: PYRO:4f42aea94bc44a389695acda595747f0@CMP-403:9090
[2010-01-06 00:04:15.842,Pyro.core,DEBUG] connecting to PYRO:4f42aea94bc44a389695acda595747f0@CMP-403:9090
[2010-01-06 00:04:15.842,Pyro.core,DEBUG] connected to PYRO:4f42aea94bc44a389695acda595747f0@CMP-403:9090
[2010-01-06 00:04:15.842,Pyro.core,DEBUG] connecting to PYRO:d3d188caca194b4c938cc6991de48cf0@charon.local:7766
[2010-01-06 00:06:13.046,Pyro,INFO] Pyro log configured using built-in defaults, level=DEBUG
[2010-01-06 00:06:13.092,Pyro.naming,DEBUG] resolving PYRONAME:test.hugetransfer
[2010-01-06 00:06:13.092,Pyro.naming,DEBUG] broadcast locate
[2010-01-06 00:06:13.092,Pyro.naming,DEBUG] located NS: PYRO:4f42aea94bc44a389695acda595747f0@CMP-403:9090
[2010-01-06 00:06:13.092,Pyro.core,DEBUG] connecting to PYRO:4f42aea94bc44a389695acda595747f0@CMP-403:9090
[2010-01-06 00:06:13.092,Pyro.core,DEBUG] connected to PYRO:4f42aea94bc44a389695acda595747f0@CMP-403:9090
[2010-01-06 00:06:13.092,Pyro.core,DEBUG] connecting to PYRO:9e2977d91d6f4c3a8ba8a39625c46337@charon:7766
[2010-01-06 00:06:22.140,Pyro,INFO] Pyro log configured using built-in defaults, level=DEBUG
[2010-01-06 00:06:22.187,Pyro.naming,DEBUG] resolving PYRONAME:test.hugetransfer
[2010-01-06 00:06:22.187,Pyro.naming,DEBUG] broadcast locate
[2010-01-06 00:06:22.187,Pyro.naming,DEBUG] located NS: PYRO:4f42aea94bc44a389695acda595747f0@CMP-403:9090
[2010-01-06 00:06:22.187,Pyro.core,DEBUG] connecting to PYRO:4f42aea94bc44a389695acda595747f0@CMP-403:9090
[2010-01-06 00:06:22.187,Pyro.core,DEBUG] connected to PYRO:4f42aea94bc44a389695acda595747f0@CMP-403:9090
[2010-01-06 00:06:22.187,Pyro.core,DEBUG] connecting to PYRO:253f983e5ac84f1fb131d581563ac5ca@charon:7766
[2010-01-06 00:06:22.203,Pyro.core,DEBUG] connected to PYRONAME:test.hugetransfer
[2010-01-06 00:15:01.750,Pyro,INFO] Pyro log configured using built-in defaults, level=DEBUG
[2010-01-06 00:15:01.796,Pyro.socketutil,INFO] starting thread pool socketserver
[2010-01-06 00:15:01.812,Pyro.socketutil,INFO] 10 worker threads
[2010-01-06 00:15:01.812,Pyro.naming,DEBUG] broadcast locate
[2010-01-06 00:15:01.812,Pyro.naming,DEBUG] located NS: PYRO:4f42aea94bc44a389695acda595747f0@CMP-403:9090
[2010-01-06 00:15:01.812,Pyro.core,DEBUG] connecting to PYRO:4f42aea94bc44a389695acda595747f0@CMP-403:9090
[2010-01-06 00:15:01.812,Pyro.core,DEBUG] connected to PYRO:4f42aea94bc44a389695acda595747f0@CMP-403:9090
[2010-01-06 00:15:39.687,Pyro,INFO] Pyro log configured using built-in defaults, level=DEBUG
[2010-01-06 00:15:39.733,Pyro.socketutil,INFO] starting thread pool socketserver
[2010-01-06 00:15:39.750,Pyro.socketutil,INFO] 10 worker threads
[2010-01-06 00:15:39.750,Pyro.naming,DEBUG] broadcast locate
[2010-01-06 00:15:39.750,Pyro.naming,DEBUG] located NS: PYRO:4f42aea94bc44a389695acda595747f0@CMP-403:9090
[2010-01-06 00:15:39.750,Pyro.core,DEBUG] connecting to PYRO:4f42aea94bc44a389695acda595747f0@CMP-403:9090
[2010-01-06 00:15:39.750,Pyro.core,DEBUG] connected to PYRO:4f42aea94bc44a389695acda595747f0@CMP-403:9090
[2010-01-06 00:15:39.750,Pyro.core,INFO] daemon CMP-403:7766 entering requestloop
[2010-01-06 00:15:42.842,Pyro.socketutil,DEBUG] new connection from ('192.168.1.150', 52112)
[2010-01-06 00:25:53.265,Pyro,INFO] Pyro log configured using built-in defaults, level=DEBUG
[2010-01-06 00:25:53.312,Pyro.socketutil,INFO] starting thread pool socketserver
[2010-01-06 00:25:53.328,Pyro.socketutil,INFO] 10 worker threads
[2010-01-06 00:25:53.328,Pyro.naming,DEBUG] broadcast locate
[2010-01-06 00:25:53.328,Pyro.naming,DEBUG] located NS: PYRO:4f42aea94bc44a389695acda595747f0@CMP-403:9090
[2010-01-06 00:25:53.328,Pyro.core,DEBUG] connecting to PYRO:4f42aea94bc44a389695acda595747f0@CMP-403:9090
[2010-01-06 00:25:53.328,Pyro.core,DEBUG] connected to PYRO:4f42aea94bc44a389695acda595747f0@CMP-403:9090
[2010-01-06 00:25:53.328,Pyro.core,INFO] daemon CMP-403:7766 entering requestloop
[2010-01-06 00:26:00.578,Pyro.socketutil,DEBUG] new connection from ('192.168.1.150', 52114)
[2010-01-06 00:26:48.203,Pyro,INFO] Pyro log configured using built-in defaults, level=DEBUG
[2010-01-06 00:26:48.250,Pyro.naming,DEBUG] resolving PYRONAME:test.hugetransfer
[2010-01-06 00:26:48.250,Pyro.naming,DEBUG] broadcast locate
[2010-01-06 00:26:48.250,Pyro.naming,DEBUG] located NS: PYRO:4f42aea94bc44a389695acda595747f0@CMP-403:9090
[2010-01-06 00:26:48.250,Pyro.core,DEBUG] connecting to PYRO:4f42aea94bc44a389695acda595747f0@CMP-403:9090
[2010-01-06 00:26:48.265,Pyro.core,DEBUG] connected to PYRO:4f42aea94bc44a389695acda595747f0@CMP-403:9090
[2010-01-06 00:26:48.265,Pyro.core,DEBUG] connecting to PYRO:5c0bf716f3eb4448ac2928baf874a1dd@charon:7766
[2010-01-06 00:26:48.342,Pyro.core,DEBUG] connected to PYRONAME:test.hugetransfer
[2010-01-06 00:27:40.608,Pyro,INFO] Pyro log configured using built-in defaults, level=DEBUG
[2010-01-06 00:27:40.655,Pyro.socketutil,INFO] starting thread pool socketserver
[2010-01-06 00:27:40.655,Pyro.socketutil,INFO] 10 worker threads
[2010-01-06 00:27:40.655,Pyro.naming,DEBUG] broadcast locate
[2010-01-06 00:27:40.655,Pyro.naming,DEBUG] located NS: PYRO:4f42aea94bc44a389695acda595747f0@CMP-403:9090
[2010-01-06 00:27:40.655,Pyro.core,DEBUG] connecting to PYRO:4f42aea94bc44a389695acda595747f0@CMP-403:9090
[2010-01-06 00:27:40.671,Pyro.core,DEBUG] connected to PYRO:4f42aea94bc44a389695acda595747f0@CMP-403:9090
[2010-01-06 00:27:40.671,Pyro.core,INFO] daemon CMP-403:7766 entering requestloop
[2010-01-06 00:28:07.983,Pyro.socketutil,DEBUG] new connection from ('192.168.1.150', 52117)
[2010-01-06 00:28:51.217,Pyro,INFO] Pyro log configured using built-in defaults, level=DEBUG
[2010-01-06 00:28:51.265,Pyro.socketutil,INFO] starting thread pool socketserver
[2010-01-06 00:28:51.265,Pyro.socketutil,INFO] 10 worker threads
[2010-01-06 00:28:51.265,Pyro.naming,DEBUG] broadcast locate
[2010-01-06 00:28:51.280,Pyro.naming,DEBUG] located NS: PYRO:4f42aea94bc44a389695acda595747f0@CMP-403:9090
[2010-01-06 00:28:51.280,Pyro.core,DEBUG] connecting to PYRO:4f42aea94bc44a389695acda595747f0@CMP-403:9090
[2010-01-06 00:28:51.280,Pyro.core,DEBUG] connected to PYRO:4f42aea94bc44a389695acda595747f0@CMP-403:9090
[2010-01-06 00:28:51.280,Pyro.core,INFO] daemon CMP-403:7766 entering requestloop
[2010-01-06 00:28:52.687,Pyro.socketutil,DEBUG] new connection from ('192.168.1.150', 52119)
[2010-01-06 00:30:32.187,Pyro,INFO] Pyro log configured using built-in defaults, level=DEBUG
[2010-01-06 00:30:32.233,Pyro.socketutil,INFO] starting thread pool socketserver
[2010-01-06 00:30:32.250,Pyro.socketutil,INFO] 10 worker threads
[2010-01-06 00:30:32.250,Pyro.naming,DEBUG] broadcast locate
[2010-01-06 00:30:32.250,Pyro.naming,DEBUG] located NS: PYRO:4f42aea94bc44a389695acda595747f0@CMP-403:9090
[2010-01-06 00:30:32.250,Pyro.core,DEBUG] connecting to PYRO:4f42aea94bc44a389695acda595747f0@CMP-403:9090
[2010-01-06 00:30:32.250,Pyro.core,DEBUG] connected to PYRO:4f42aea94bc44a389695acda595747f0@CMP-403:9090
[2010-01-06 00:30:32.250,Pyro.core,INFO] daemon CMP-403:7766 entering requestloop
[2010-01-06 00:30:33.703,Pyro.socketutil,DEBUG] new connection from ('192.168.1.150', 52123)
[2010-01-06 00:30:34.530,Pyro.core,DEBUG] Exception occurred while handling request: invalid load key, 'A'.
[2010-01-06 00:31:59.437,Pyro.socketutil,DEBUG] new connection from ('192.168.1.150', 52125)
[2010-01-06 00:32:01.125,Pyro.core,DEBUG] Exception occurred while handling request: invalid load key, 'A'.
[2010-01-06 00:40:06.062,Pyro.socketutil,DEBUG] new connection from ('192.168.1.150', 52127)
[2010-01-06 00:40:11.765,Pyro.socketutil,DEBUG] new connection from ('192.168.1.150', 52129)
[2010-01-06 00:42:13.375,Pyro,INFO] Pyro log configured using built-in defaults, level=DEBUG
[2010-01-06 00:42:13.421,Pyro.naming,DEBUG] resolving PYRONAME:test.hugetransfer
[2010-01-06 00:42:13.421,Pyro.naming,DEBUG] broadcast locate
[2010-01-06 00:42:13.421,Pyro.naming,DEBUG] located NS: PYRO:4f42aea94bc44a389695acda595747f0@CMP-403:9090
[2010-01-06 00:42:13.421,Pyro.core,DEBUG] connecting to PYRO:4f42aea94bc44a389695acda595747f0@CMP-403:9090
[2010-01-06 00:42:13.437,Pyro.core,DEBUG] connected to PYRO:4f42aea94bc44a389695acda595747f0@CMP-403:9090
[2010-01-06 00:42:13.437,Pyro.core,DEBUG] connecting to PYRO:466e473ae9d649f592cfc276cb869673@charon.local:7766
[2010-01-06 00:42:15.750,Pyro.core,DEBUG] connected to PYRONAME:test.hugetransfer
[2010-01-06 00:42:57.155,Pyro,INFO] Pyro log configured using built-in defaults, level=DEBUG
[2010-01-06 00:42:57.203,Pyro.socketutil,INFO] starting thread pool socketserver
[2010-01-06 00:42:57.203,Pyro.socketutil,INFO] 10 worker threads
[2010-01-06 00:42:57.203,Pyro.naming,DEBUG] broadcast locate
[2010-01-06 00:42:57.217,Pyro.naming,DEBUG] located NS: PYRO:4f42aea94bc44a389695acda595747f0@CMP-403:9090
[2010-01-06 00:42:57.217,Pyro.core,DEBUG] connecting to PYRO:4f42aea94bc44a389695acda595747f0@CMP-403:9090
[2010-01-06 00:42:57.217,Pyro.core,DEBUG] connected to PYRO:4f42aea94bc44a389695acda595747f0@CMP-403:9090
[2010-01-06 00:42:57.217,Pyro.core,INFO] daemon CMP-403:7766 entering requestloop
[2010-01-06 00:43:05.421,Pyro,INFO] Pyro log configured using built-in defaults, level=DEBUG
[2010-01-06 00:43:05.467,Pyro.socketutil,INFO] starting thread pool socketserver
[2010-01-06 00:43:05.483,Pyro.socketutil,INFO] 10 worker threads
[2010-01-06 00:43:05.483,Pyro.naming,DEBUG] broadcast locate
[2010-01-06 00:43:05.483,Pyro.naming,DEBUG] located NS: PYRO:4f42aea94bc44a389695acda595747f0@CMP-403:9090
[2010-01-06 00:43:05.483,Pyro.core,DEBUG] connecting to PYRO:4f42aea94bc44a389695acda595747f0@CMP-403:9090
[2010-01-06 00:43:05.483,Pyro.core,DEBUG] connected to PYRO:4f42aea94bc44a389695acda595747f0@CMP-403:9090
[2010-01-06 00:43:05.483,Pyro.core,INFO] daemon CMP-403:7766 entering requestloop
[2010-01-06 00:43:09.296,Pyro.socketutil,DEBUG] new connection from ('192.168.1.150', 52133)
[2010-01-06 00:58:48.937,Pyro,INFO] Pyro log configured using built-in defaults, level=DEBUG
[2010-01-06 00:58:48.983,Pyro.socketutil,INFO] starting thread pool socketserver
[2010-01-06 00:58:49.000,Pyro.socketutil,INFO] 10 worker threads
[2010-01-06 00:58:49.000,Pyro.naming,DEBUG] broadcast locate
[2010-01-06 00:58:49.000,Pyro.naming,DEBUG] located NS: PYRO:4f42aea94bc44a389695acda595747f0@CMP-403:9090
[2010-01-06 00:58:49.000,Pyro.core,DEBUG] connecting to PYRO:4f42aea94bc44a389695acda595747f0@CMP-403:9090
[2010-01-06 00:58:49.000,Pyro.core,DEBUG] connected to PYRO:4f42aea94bc44a389695acda595747f0@CMP-403:9090
[2010-01-06 00:58:49.000,Pyro.core,INFO] daemon CMP-403:7766 entering requestloop
[2010-01-06 00:58:51.108,Pyro.socketutil,DEBUG] new connection from ('192.168.1.150', 52135)
[2010-01-06 01:01:44.608,Pyro,INFO] Pyro log configured using built-in defaults, level=DEBUG
[2010-01-06 01:01:44.655,Pyro.socketutil,INFO] starting thread pool socketserver
[2010-01-06 01:01:44.671,Pyro.socketutil,INFO] 10 worker threads
[2010-01-06 01:01:44.671,Pyro.naming,DEBUG] broadcast locate
[2010-01-06 01:01:44.671,Pyro.naming,DEBUG] located NS: PYRO:4f42aea94bc44a389695acda595747f0@CMP-403:9090
[2010-01-06 01:01:44.671,Pyro.core,DEBUG] connecting to PYRO:4f42aea94bc44a389695acda595747f0@CMP-403:9090
[2010-01-06 01:01:44.671,Pyro.core,DEBUG] connected to PYRO:4f42aea94bc44a389695acda595747f0@CMP-403:9090
[2010-01-06 01:01:44.671,Pyro.core,INFO] daemon CMP-403:7766 entering requestloop
[2010-01-06 01:01:47.108,Pyro.socketutil,DEBUG] new connection from ('192.168.1.150', 52137)
[2010-01-06 01:07:05.062,Pyro,INFO] Pyro log configured using built-in defaults, level=DEBUG
[2010-01-06 01:07:05.155,Pyro.socketutil,INFO] starting thread pool socketserver
[2010-01-06 01:07:05.171,Pyro.socketutil,INFO] 10 worker threads
[2010-01-06 01:07:05.171,Pyro.naming,DEBUG] broadcast locate
[2010-01-06 01:07:05.171,Pyro.naming,DEBUG] located NS: PYRO:4f42aea94bc44a389695acda595747f0@CMP-403:9090
[2010-01-06 01:07:05.171,Pyro.core,DEBUG] connecting to PYRO:4f42aea94bc44a389695acda595747f0@CMP-403:9090
[2010-01-06 01:07:05.171,Pyro.core,DEBUG] connected to PYRO:4f42aea94bc44a389695acda595747f0@CMP-403:9090
[2010-01-06 01:07:05.171,Pyro.core,INFO] daemon CMP-403:7766 entering requestloop
[2010-01-06 01:07:06.967,Pyro.socketutil,DEBUG] new connection from ('192.168.1.150', 52139)
[2010-01-06 01:09:47.967,Pyro,INFO] Pyro log configured using built-in defaults, level=DEBUG
[2010-01-06 01:09:48.015,Pyro.socketutil,INFO] starting thread pool socketserver
[2010-01-06 01:09:48.030,Pyro.socketutil,INFO] 10 worker threads
[2010-01-06 01:09:48.030,Pyro.naming,DEBUG] broadcast locate
[2010-01-06 01:09:48.030,Pyro.naming,DEBUG] located NS: PYRO:4f42aea94bc44a389695acda595747f0@CMP-403:9090
[2010-01-06 01:09:48.030,Pyro.core,DEBUG] connecting to PYRO:4f42aea94bc44a389695acda595747f0@CMP-403:9090
[2010-01-06 01:09:48.030,Pyro.core,DEBUG] connected to PYRO:4f42aea94bc44a389695acda595747f0@CMP-403:9090
[2010-01-06 01:09:48.030,Pyro.core,INFO] daemon CMP-403:7766 entering requestloop
[2010-01-06 01:09:53.453,Pyro.socketutil,DEBUG] new connection from ('192.168.1.150', 52141)
[2010-01-06 01:10:55.500,Pyro.socketutil,DEBUG] new connection from ('192.168.1.150', 52143)
[2010-01-06 01:11:05.828,Pyro.socketutil,DEBUG] new connection from ('192.168.1.150', 52145)
[2010-01-06 01:11:38.437,Pyro.socketutil,DEBUG] new connection from ('192.168.1.150', 52147)
[2010-01-06 01:11:45.983,Pyro,INFO] Pyro log configured using built-in defaults, level=DEBUG
[2010-01-06 01:11:46.030,Pyro.socketutil,INFO] starting thread pool socketserver
[2010-01-06 01:11:46.046,Pyro.socketutil,INFO] 10 worker threads
[2010-01-06 01:11:46.046,Pyro.naming,DEBUG] broadcast locate
[2010-01-06 01:11:46.046,Pyro.naming,DEBUG] located NS: PYRO:4f42aea94bc44a389695acda595747f0@CMP-403:9090
[2010-01-06 01:11:46.046,Pyro.core,DEBUG] connecting to PYRO:4f42aea94bc44a389695acda595747f0@CMP-403:9090
[2010-01-06 01:11:46.046,Pyro.core,DEBUG] connected to PYRO:4f42aea94bc44a389695acda595747f0@CMP-403:9090
[2010-01-06 01:11:46.046,Pyro.core,INFO] daemon CMP-403:7766 entering requestloop
[2010-01-06 01:11:54.733,Pyro.socketutil,DEBUG] new connection from ('192.168.1.150', 52149)
[2010-01-06 01:12:35.015,Pyro,INFO] Pyro log configured using built-in defaults, level=DEBUG
[2010-01-06 01:12:35.062,Pyro.naming,DEBUG] resolving PYRONAME:test.hugetransfer
[2010-01-06 01:12:35.062,Pyro.naming,DEBUG] broadcast locate
[2010-01-06 01:12:35.062,Pyro.naming,DEBUG] located NS: PYRO:4f42aea94bc44a389695acda595747f0@CMP-403:9090
[2010-01-06 01:12:35.062,Pyro.core,DEBUG] connecting to PYRO:4f42aea94bc44a389695acda595747f0@CMP-403:9090
[2010-01-06 01:12:35.062,Pyro.core,DEBUG] connected to PYRO:4f42aea94bc44a389695acda595747f0@CMP-403:9090
[2010-01-06 01:12:35.062,Pyro.core,DEBUG] connecting to PYRO:7527b48110f549fb858c6150557657e9@charon.local:7766
[2010-01-06 01:12:37.390,Pyro.core,DEBUG] connected to PYRONAME:test.hugetransfer
[2010-01-06 01:16:28.000,Pyro,INFO] Pyro log configured using built-in defaults, level=DEBUG
[2010-01-06 01:16:28.046,Pyro.socketutil,INFO] starting thread pool socketserver
[2010-01-06 01:16:28.046,Pyro.socketutil,INFO] 10 worker threads
[2010-01-06 01:16:28.046,Pyro.naming,DEBUG] broadcast locate
[2010-01-06 01:16:28.046,Pyro.naming,DEBUG] located NS: PYRO:4f42aea94bc44a389695acda595747f0@CMP-403:9090
[2010-01-06 01:16:28.046,Pyro.core,DEBUG] connecting to PYRO:4f42aea94bc44a389695acda595747f0@CMP-403:9090
[2010-01-06 01:16:28.046,Pyro.core,DEBUG] connected to PYRO:4f42aea94bc44a389695acda595747f0@CMP-403:9090
[2010-01-06 01:16:28.046,Pyro.core,INFO] daemon CMP-403:7766 entering requestloop
[2010-01-06 01:16:31.515,Pyro.socketutil,DEBUG] new connection from ('192.168.1.150', 52152)
[2010-01-06 01:17:03.546,Pyro,INFO] Pyro log configured using built-in defaults, level=DEBUG
[2010-01-06 01:17:03.592,Pyro.naming,DEBUG] resolving PYRONAME:test.hugetransfer
[2010-01-06 01:17:03.592,Pyro.naming,DEBUG] broadcast locate
[2010-01-06 01:17:03.592,Pyro.naming,DEBUG] located NS: PYRO:4f42aea94bc44a389695acda595747f0@CMP-403:9090
[2010-01-06 01:17:03.592,Pyro.core,DEBUG] connecting to PYRO:4f42aea94bc44a389695acda595747f0@CMP-403:9090
[2010-01-06 01:17:03.592,Pyro.core,DEBUG] connected to PYRO:4f42aea94bc44a389695acda595747f0@CMP-403:9090
[2010-01-06 01:17:03.592,Pyro.core,DEBUG] connecting to PYRO:7d5c9ad449324e42a7615b55e9e90bad@charon.local:7766
[2010-01-06 01:17:05.875,Pyro.core,DEBUG] connected to PYRONAME:test.hugetransfer
[2010-01-06 01:17:46.390,Pyro,INFO] Pyro log configured using built-in defaults, level=DEBUG
[2010-01-06 01:17:46.437,Pyro.naming,DEBUG] resolving PYRONAME:test.hugetransfer
[2010-01-06 01:17:46.437,Pyro.naming,DEBUG] broadcast locate
[2010-01-06 01:17:46.437,Pyro.naming,DEBUG] located NS: PYRO:4f42aea94bc44a389695acda595747f0@CMP-403:9090
[2010-01-06 01:17:46.437,Pyro.core,DEBUG] connecting to PYRO:4f42aea94bc44a389695acda595747f0@CMP-403:9090
[2010-01-06 01:17:46.437,Pyro.core,DEBUG] connected to PYRO:4f42aea94bc44a389695acda595747f0@CMP-403:9090
[2010-01-06 01:17:46.437,Pyro.core,DEBUG] connecting to PYRO:7d5c9ad449324e42a7615b55e9e90bad@charon.local:7766
[2010-01-06 01:17:48.717,Pyro.core,DEBUG] connected to PYRONAME:test.hugetransfer
